<?xml version="1.0" encoding="UTF-8"?>
<TestRun id="40e157d2-99c0-49ab-8552-3d798864f2e1" name="SYSTEM@DESKTOP-5AJ0SB3 2020-12-01 10:55:08" runUser="NT AUTHORITY\SYSTEM" xmlns="http://microsoft.com/schemas/VisualStudio/TeamTest/2010">
  <TestSettings name="Default Test Settings" id="9502ef14-b16a-47ab-a3fb-f845c8f1c1a2">
    <Deployment userDeploymentRoot="E:\Automation\Monetization_Automation\Montization_Automation\PortalScreenShots" useDefaultDeploymentRoot="false" runDeploymentRoot="SYSTEM_DESKTOP-5AJ0SB3 2020-12-01 10_55_08" />
    <Execution>
      <TestTypeSpecific />
      <AgentRule name="Execution Agents">
      </AgentRule>
    </Execution>
    <Properties />
  </TestSettings>
  <Times creation="2020-12-01T10:55:08.0441249+05:00" queuing="2020-12-01T10:55:12.5215698+05:00" start="2020-12-01T10:55:12.6474973+05:00" finish="2020-12-01T11:17:57.9204713+05:00" />
  <ResultSummary outcome="Completed">
    <Counters total="2" executed="2" passed="2" error="0" failed="0" timeout="0" aborted="0" inconclusive="0" passedButRunAborted="0" notRunnable="0" notExecuted="0" disconnected="0" warning="0" completed="0" inProgress="0" pending="0" />
  </ResultSummary>
  <TestDefinitions>
    <UnitTest name="B_BS_Monetization_Both_publisheradvertiser_Flow" storage="e:\automation\monetization_automation\montization_automation\testingapi\bin\debug\monetization_automation.test.dll" id="7269b8df-ed72-628d-b9c8-9ff9f828465f">
      <Execution id="0ec5cd92-1450-44e6-9d61-db65d3498b90" />
      <TestMethod codeBase="E:/Automation/Monetization_Automation/Montization_Automation/TestingAPI/bin/Debug/Monetization_Automation.Test.DLL" adapterTypeName="Microsoft.VisualStudio.TestTools.TestTypes.Unit.UnitTestAdapter, Microsoft.VisualStudio.QualityTools.Tips.UnitTest.Adapter, Version=16.0.0.0, Culture=neutral, PublicKeyToken=b03f5f7f11d50a3a" className="Monetization_Automation.Test.Monetization, Monetization_Automation.Test, Version=1.0.0.0, Culture=neutral, PublicKeyToken=null" name="B_BS_Monetization_Both_publisheradvertiser_Flow" />
    </UnitTest>
    <UnitTest name="A_BS_Monetization_Advertiser_Flow" storage="e:\automation\monetization_automation\montization_automation\testingapi\bin\debug\monetization_automation.test.dll" id="b23dfb95-77c5-d445-6682-37cb15ba83e2">
      <Execution id="cb2d3033-085e-4a67-8dac-1d8440e758e7" />
      <TestMethod codeBase="E:/Automation/Monetization_Automation/Montization_Automation/TestingAPI/bin/Debug/Monetization_Automation.Test.DLL" adapterTypeName="Microsoft.VisualStudio.TestTools.TestTypes.Unit.UnitTestAdapter, Microsoft.VisualStudio.QualityTools.Tips.UnitTest.Adapter, Version=16.0.0.0, Culture=neutral, PublicKeyToken=b03f5f7f11d50a3a" className="Monetization_Automation.Test.Monetization, Monetization_Automation.Test, Version=1.0.0.0, Culture=neutral, PublicKeyToken=null" name="A_BS_Monetization_Advertiser_Flow" />
    </UnitTest>
  </TestDefinitions>
  <TestLists>
    <TestList name="Results Not in a List" id="8c84fa94-04c1-424b-9868-57a2d4851a1d" />
    <TestList name="All Loaded Results" id="19431567-8539-422a-85d7-44ee4e166bda" />
  </TestLists>
  <TestEntries>
    <TestEntry testId="b23dfb95-77c5-d445-6682-37cb15ba83e2" executionId="cb2d3033-085e-4a67-8dac-1d8440e758e7" testListId="8c84fa94-04c1-424b-9868-57a2d4851a1d" />
    <TestEntry testId="7269b8df-ed72-628d-b9c8-9ff9f828465f" executionId="0ec5cd92-1450-44e6-9d61-db65d3498b90" testListId="8c84fa94-04c1-424b-9868-57a2d4851a1d" />
  </TestEntries>
  <Results>
    <UnitTestResult executionId="cb2d3033-085e-4a67-8dac-1d8440e758e7" testId="b23dfb95-77c5-d445-6682-37cb15ba83e2" testName="A_BS_Monetization_Advertiser_Flow" computerName="DESKTOP-5AJ0SB3" duration="00:11:21.9446469" startTime="2020-12-01T10:55:12.8503843+05:00" endTime="2020-12-01T11:06:35.3719361+05:00" testType="13cdc9d9-ddb5-4fa4-a97d-d965ccfc6d4b" outcome="Passed" testListId="8c84fa94-04c1-424b-9868-57a2d4851a1d" relativeResultsDirectory="cb2d3033-085e-4a67-8dac-1d8440e758e7">
      <Output>
        <DebugTrace>****************** http://sheeda.consoliads.com/Lead-sprint88-placeholderChanges-sarmad/user/login
****************** 1ali.irshad@mizostudio.com
****************** amber123
****************** On
****************** Interstitial
****************** Campaign Automated
****************** AutoBrand
****************** Automated Game
****************** Adjust
****************** https://app.mihcm.com/
****************** Google Play
****************** Pakistan
****************** Highest
****************** Brands
****************** Buntoo Games
****************** Car Robot 2019
****************** Main Menu
****************** 10
****************** 10
****************** New Set
****************** Interstitial
****************** New Set
****************** Interstitial
****************** Campaign Automated
****************** AutoBrand
****************** Automated Game
****************** Adjust
****************** https://app.mihcm.com/
****************** Google Play
****************** Pakistan
****************** 10
****************** New Set
****************** Interstitial
****************** New Set
****************** CPI
****************** 10
****************** 100
****************** 0.01
</DebugTrace>
      </Output>
    </UnitTestResult>
    <UnitTestResult executionId="0ec5cd92-1450-44e6-9d61-db65d3498b90" testId="7269b8df-ed72-628d-b9c8-9ff9f828465f" testName="B_BS_Monetization_Both_publisheradvertiser_Flow" computerName="DESKTOP-5AJ0SB3" duration="00:11:22.3417674" startTime="2020-12-01T11:06:35.3769340+05:00" endTime="2020-12-01T11:17:57.7235823+05:00" testType="13cdc9d9-ddb5-4fa4-a97d-d965ccfc6d4b" outcome="Passed" testListId="8c84fa94-04c1-424b-9868-57a2d4851a1d" relativeResultsDirectory="0ec5cd92-1450-44e6-9d61-db65d3498b90">
      <Output>
        <DebugTrace>****************** http://sheeda.consoliads.com/Lead-sprint88-placeholderChanges-sarmad/user/login
****************** 1ali.irshad@mizostudio.com
****************** amber123
****************** new Automated brand
****************** This brand is automated
****************** Test1@consoliads.com
****************** https://play.google.com/store/apps/details?id=com.backstreet.gun.strike.counter.terrorist.fps.shooting&amp;hl=en
****************** https://play.google.com/store/apps/details?id=com.backstreet.gun.strike.counter.terrorist.fps.shooting&amp;hl=en
****************** https://play.google.com/store/apps/details?id=com.backstreet.gun.strike.counter.terrorist.fps.shooting&amp;hl=en
Brand Titlevalidation is successful
****************** App Automated
****************** com.newautomated.app
****************** Unity
****************** Google Play
****************** Game
****************** Action
****************** new Automated brand
****************** This brand is automated
****************** Test1@consoliads.com
****************** https://play.google.com/store/apps/details?id=com.backstreet.gun.strike.counter.terrorist.fps.shooting&amp;hl=en
****************** https://play.google.com/store/apps/details?id=com.backstreet.gun.strike.counter.terrorist.fps.shooting&amp;hl=en
****************** https://play.google.com/store/apps/details?id=com.backstreet.gun.strike.counter.terrorist.fps.shooting&amp;hl=en
****************** All ages
App titlevalidation is successful
****************** On
****************** Interstitial
****************** Campaign Automated
****************** Glorious Guns
****************** ABA English - Learn English
****************** Pakistan
****************** Brands
****************** Buntoo Games
****************** Car Robot 2019
****************** Main Menu
****************** 10
****************** 10
****************** New Set
****************** Interstitial
****************** New Set
****************** Interstitial
****************** Campaign Automated
****************** Glorious Guns
****************** ABA English - Learn English
****************** Games
****************** 10
****************** Pakistan
****************** Interstitial
****************** New Set
****************** CPI
****************** 10
****************** 100
****************** 0.01
</DebugTrace>
      </Output>
    </UnitTestResult>
  </Results>
</TestRun>