<?xml version="1.0" encoding="UTF-8"?>
<TestRun id="5d7826a2-0b57-4825-860e-4aaeecc5c88c" name="SYSTEM@DESKTOP-5AJ0SB3 2021-01-29 11:15:30" runUser="NT AUTHORITY\SYSTEM" xmlns="http://microsoft.com/schemas/VisualStudio/TeamTest/2010">
  <TestSettings name="Default Test Settings" id="67f0bf1d-d324-4d01-ac64-4ce55a91ab1a">
    <Deployment userDeploymentRoot="E:\Automation\Monetization_Automation\Montization_Automation\PortalScreenShots" useDefaultDeploymentRoot="false" runDeploymentRoot="SYSTEM_DESKTOP-5AJ0SB3 2021-01-29 11_15_30" />
    <Execution>
      <TestTypeSpecific />
      <AgentRule name="Execution Agents">
      </AgentRule>
    </Execution>
    <Properties />
  </TestSettings>
  <Times creation="2021-01-29T11:15:30.3939168+05:00" queuing="2021-01-29T11:15:32.1790660+05:00" start="2021-01-29T11:15:32.2669987+05:00" finish="2021-01-29T11:15:50.5212016+05:00" />
  <ResultSummary outcome="Failed">
    <Counters total="3" executed="3" error="0" failed="3" timeout="0" aborted="0" inconclusive="0" passedButRunAborted="0" notRunnable="0" notExecuted="0" disconnected="0" warning="0" passed="0" completed="0" inProgress="0" pending="0" />
  </ResultSummary>
  <TestDefinitions>
    <UnitTest name="B_BS_Monetization_Both_publisheradvertiser_Flow" storage="e:\automation\monetization_automation\montization_automation\testingapi\bin\debug\monetization_automation.test.dll" id="7269b8df-ed72-628d-b9c8-9ff9f828465f">
      <Execution id="595b3c2a-ed9d-448c-b848-3bf9d55e7bae" />
      <TestMethod codeBase="E:/Automation/Monetization_Automation/Montization_Automation/TestingAPI/bin/Debug/Monetization_Automation.Test.DLL" adapterTypeName="Microsoft.VisualStudio.TestTools.TestTypes.Unit.UnitTestAdapter, Microsoft.VisualStudio.QualityTools.Tips.UnitTest.Adapter, Version=16.0.0.0, Culture=neutral, PublicKeyToken=b03f5f7f11d50a3a" className="Monetization_Automation.Test.Monetization, Monetization_Automation.Test, Version=1.0.0.0, Culture=neutral, PublicKeyToken=null" name="B_BS_Monetization_Both_publisheradvertiser_Flow" />
    </UnitTest>
    <UnitTest name="C_BS_Monetization_stats_Publisher_side" storage="e:\automation\monetization_automation\montization_automation\testingapi\bin\debug\monetization_automation.test.dll" id="7024d843-e31e-b0fc-e84e-64806fdd8afc">
      <Execution id="937440dd-f155-49e6-92ad-e917210e7fa0" />
      <TestMethod codeBase="E:/Automation/Monetization_Automation/Montization_Automation/TestingAPI/bin/Debug/Monetization_Automation.Test.DLL" adapterTypeName="Microsoft.VisualStudio.TestTools.TestTypes.Unit.UnitTestAdapter, Microsoft.VisualStudio.QualityTools.Tips.UnitTest.Adapter, Version=16.0.0.0, Culture=neutral, PublicKeyToken=b03f5f7f11d50a3a" className="Monetization_Automation.Test.Monetization, Monetization_Automation.Test, Version=1.0.0.0, Culture=neutral, PublicKeyToken=null" name="C_BS_Monetization_stats_Publisher_side" />
    </UnitTest>
    <UnitTest name="A_BS_Monetization_Advertiser_Flow" storage="e:\automation\monetization_automation\montization_automation\testingapi\bin\debug\monetization_automation.test.dll" id="b23dfb95-77c5-d445-6682-37cb15ba83e2">
      <Execution id="4bb98888-ac24-43ef-8fc8-e6bf9a801670" />
      <TestMethod codeBase="E:/Automation/Monetization_Automation/Montization_Automation/TestingAPI/bin/Debug/Monetization_Automation.Test.DLL" adapterTypeName="Microsoft.VisualStudio.TestTools.TestTypes.Unit.UnitTestAdapter, Microsoft.VisualStudio.QualityTools.Tips.UnitTest.Adapter, Version=16.0.0.0, Culture=neutral, PublicKeyToken=b03f5f7f11d50a3a" className="Monetization_Automation.Test.Monetization, Monetization_Automation.Test, Version=1.0.0.0, Culture=neutral, PublicKeyToken=null" name="A_BS_Monetization_Advertiser_Flow" />
    </UnitTest>
  </TestDefinitions>
  <TestLists>
    <TestList name="Results Not in a List" id="8c84fa94-04c1-424b-9868-57a2d4851a1d" />
    <TestList name="All Loaded Results" id="19431567-8539-422a-85d7-44ee4e166bda" />
  </TestLists>
  <TestEntries>
    <TestEntry testId="b23dfb95-77c5-d445-6682-37cb15ba83e2" executionId="4bb98888-ac24-43ef-8fc8-e6bf9a801670" testListId="8c84fa94-04c1-424b-9868-57a2d4851a1d" />
    <TestEntry testId="7269b8df-ed72-628d-b9c8-9ff9f828465f" executionId="595b3c2a-ed9d-448c-b848-3bf9d55e7bae" testListId="8c84fa94-04c1-424b-9868-57a2d4851a1d" />
    <TestEntry testId="7024d843-e31e-b0fc-e84e-64806fdd8afc" executionId="937440dd-f155-49e6-92ad-e917210e7fa0" testListId="8c84fa94-04c1-424b-9868-57a2d4851a1d" />
  </TestEntries>
  <Results>
    <UnitTestResult executionId="4bb98888-ac24-43ef-8fc8-e6bf9a801670" testId="b23dfb95-77c5-d445-6682-37cb15ba83e2" testName="A_BS_Monetization_Advertiser_Flow" computerName="DESKTOP-5AJ0SB3" duration="00:00:14.8526879" startTime="2021-01-29T11:15:32.3379548+05:00" endTime="2021-01-29T11:15:47.6662503+05:00" testType="13cdc9d9-ddb5-4fa4-a97d-d965ccfc6d4b" outcome="Failed" testListId="8c84fa94-04c1-424b-9868-57a2d4851a1d" relativeResultsDirectory="4bb98888-ac24-43ef-8fc8-e6bf9a801670">
      <Output>
        <ErrorInfo>
          <Message>Test method Monetization_Automation.Test.Monetization.A_BS_Monetization_Advertiser_Flow threw exception: 
System.InvalidOperationException: session not created: This version of ChromeDriver only supports Chrome version 86
Current browser version is 88.0.4324.104 with binary path C:\Program Files\Google\Chrome\Application\chrome.exe (SessionNotCreated)</Message>
          <StackTrace>    at OpenQA.Selenium.Remote.RemoteWebDriver.UnpackAndThrowOnError(Response errorResponse)
   at OpenQA.Selenium.Remote.RemoteWebDriver.Execute(String driverCommandToExecute, Dictionary`2 parameters)
   at OpenQA.Selenium.Remote.RemoteWebDriver.StartSession(ICapabilities desiredCapabilities)
   at OpenQA.Selenium.Remote.RemoteWebDriver..ctor(ICommandExecutor commandExecutor, ICapabilities desiredCapabilities)
   at OpenQA.Selenium.Chrome.ChromeDriver..ctor(ChromeDriverService service, ChromeOptions options, TimeSpan commandTimeout)
   at Monetization_Automation.Base.PageFactory.CreatePage[TPage,TMap,TValidator](String url, Boolean disposeOnPlayback, Boolean isDesktopWindow, Boolean isSelenium, Boolean isBrowserIE) in E:\Automation\Monetization_Automation\Montization_Automation\Monetization_Automation.Base\Monetization_Automation.Base\PageFactory.cs:line 64
   at Monetization_Automation.Base.PageFactory.Create[TPage,TMap,TValidator](String applicationPath, Boolean disposeOnPlayback, Boolean isDesktopWindow, Boolean isSelenium, Boolean isBrowserIE) in E:\Automation\Monetization_Automation\Montization_Automation\Monetization_Automation.Base\Monetization_Automation.Base\PageFactory.cs:line 24
   at Monetization_Automation.Test.Monetization.TS_Login_Monetization() in E:\Automation\Monetization_Automation\Montization_Automation\TestingAPI\Monetization.cs:line 102
   at Monetization_Automation.Test.Monetization.Monetization_App_Management() in E:\Automation\Monetization_Automation\Montization_Automation\TestingAPI\Monetization.cs:line 115
   at Monetization_Automation.Test.Monetization.A_BS_Monetization_Advertiser_Flow() in E:\Automation\Monetization_Automation\Montization_Automation\TestingAPI\Monetization.cs:line 426
</StackTrace>
        </ErrorInfo>
      </Output>
    </UnitTestResult>
    <UnitTestResult executionId="595b3c2a-ed9d-448c-b848-3bf9d55e7bae" testId="7269b8df-ed72-628d-b9c8-9ff9f828465f" testName="B_BS_Monetization_Both_publisheradvertiser_Flow" computerName="DESKTOP-5AJ0SB3" duration="00:00:01.3858806" startTime="2021-01-29T11:15:47.6672473+05:00" endTime="2021-01-29T11:15:49.0574353+05:00" testType="13cdc9d9-ddb5-4fa4-a97d-d965ccfc6d4b" outcome="Failed" testListId="8c84fa94-04c1-424b-9868-57a2d4851a1d" relativeResultsDirectory="595b3c2a-ed9d-448c-b848-3bf9d55e7bae">
      <Output>
        <ErrorInfo>
          <Message>Test method Monetization_Automation.Test.Monetization.B_BS_Monetization_Both_publisheradvertiser_Flow threw exception: 
System.InvalidOperationException: session not created: This version of ChromeDriver only supports Chrome version 86
Current browser version is 88.0.4324.104 with binary path C:\Program Files\Google\Chrome\Application\chrome.exe (SessionNotCreated)</Message>
          <StackTrace>    at OpenQA.Selenium.Remote.RemoteWebDriver.UnpackAndThrowOnError(Response errorResponse)
   at OpenQA.Selenium.Remote.RemoteWebDriver.Execute(String driverCommandToExecute, Dictionary`2 parameters)
   at OpenQA.Selenium.Remote.RemoteWebDriver.StartSession(ICapabilities desiredCapabilities)
   at OpenQA.Selenium.Remote.RemoteWebDriver..ctor(ICommandExecutor commandExecutor, ICapabilities desiredCapabilities)
   at OpenQA.Selenium.Chrome.ChromeDriver..ctor(ChromeDriverService service, ChromeOptions options, TimeSpan commandTimeout)
   at Monetization_Automation.Base.PageFactory.CreatePage[TPage,TMap,TValidator](String url, Boolean disposeOnPlayback, Boolean isDesktopWindow, Boolean isSelenium, Boolean isBrowserIE) in E:\Automation\Monetization_Automation\Montization_Automation\Monetization_Automation.Base\Monetization_Automation.Base\PageFactory.cs:line 64
   at Monetization_Automation.Base.PageFactory.Create[TPage,TMap,TValidator](String applicationPath, Boolean disposeOnPlayback, Boolean isDesktopWindow, Boolean isSelenium, Boolean isBrowserIE) in E:\Automation\Monetization_Automation\Montization_Automation\Monetization_Automation.Base\Monetization_Automation.Base\PageFactory.cs:line 24
   at Monetization_Automation.Test.Monetization.TS_Login_Monetization() in E:\Automation\Monetization_Automation\Montization_Automation\TestingAPI\Monetization.cs:line 102
   at Monetization_Automation.Test.Monetization.Monetization_App_Management() in E:\Automation\Monetization_Automation\Montization_Automation\TestingAPI\Monetization.cs:line 115
   at Monetization_Automation.Test.Monetization.B_BS_Monetization_Both_publisheradvertiser_Flow() in E:\Automation\Monetization_Automation\Montization_Automation\TestingAPI\Monetization.cs:line 435
</StackTrace>
        </ErrorInfo>
      </Output>
    </UnitTestResult>
    <UnitTestResult executionId="937440dd-f155-49e6-92ad-e917210e7fa0" testId="7024d843-e31e-b0fc-e84e-64806fdd8afc" testName="C_BS_Monetization_stats_Publisher_side" computerName="DESKTOP-5AJ0SB3" duration="00:00:01.3777604" startTime="2021-01-29T11:15:49.0951835+05:00" endTime="2021-01-29T11:15:50.4756683+05:00" testType="13cdc9d9-ddb5-4fa4-a97d-d965ccfc6d4b" outcome="Failed" testListId="8c84fa94-04c1-424b-9868-57a2d4851a1d" relativeResultsDirectory="937440dd-f155-49e6-92ad-e917210e7fa0">
      <Output>
        <ErrorInfo>
          <Message>Test method Monetization_Automation.Test.Monetization.C_BS_Monetization_stats_Publisher_side threw exception: 
System.InvalidOperationException: session not created: This version of ChromeDriver only supports Chrome version 86
Current browser version is 88.0.4324.104 with binary path C:\Program Files\Google\Chrome\Application\chrome.exe (SessionNotCreated)</Message>
          <StackTrace>    at OpenQA.Selenium.Remote.RemoteWebDriver.UnpackAndThrowOnError(Response errorResponse)
   at OpenQA.Selenium.Remote.RemoteWebDriver.Execute(String driverCommandToExecute, Dictionary`2 parameters)
   at OpenQA.Selenium.Remote.RemoteWebDriver.StartSession(ICapabilities desiredCapabilities)
   at OpenQA.Selenium.Remote.RemoteWebDriver..ctor(ICommandExecutor commandExecutor, ICapabilities desiredCapabilities)
   at OpenQA.Selenium.Chrome.ChromeDriver..ctor(ChromeDriverService service, ChromeOptions options, TimeSpan commandTimeout)
   at Monetization_Automation.Base.PageFactory.CreatePage[TPage,TMap,TValidator](String url, Boolean disposeOnPlayback, Boolean isDesktopWindow, Boolean isSelenium, Boolean isBrowserIE) in E:\Automation\Monetization_Automation\Montization_Automation\Monetization_Automation.Base\Monetization_Automation.Base\PageFactory.cs:line 64
   at Monetization_Automation.Base.PageFactory.Create[TPage,TMap,TValidator](String applicationPath, Boolean disposeOnPlayback, Boolean isDesktopWindow, Boolean isSelenium, Boolean isBrowserIE) in E:\Automation\Monetization_Automation\Montization_Automation\Monetization_Automation.Base\Monetization_Automation.Base\PageFactory.cs:line 24
   at Monetization_Automation.Test.Monetization.TS_Login_Monetization() in E:\Automation\Monetization_Automation\Montization_Automation\TestingAPI\Monetization.cs:line 102
   at Monetization_Automation.Test.Monetization.Monetization_App_Management() in E:\Automation\Monetization_Automation\Montization_Automation\TestingAPI\Monetization.cs:line 115
   at Monetization_Automation.Test.Monetization.C_BS_Monetization_stats_Publisher_side() in E:\Automation\Monetization_Automation\Montization_Automation\TestingAPI\Monetization.cs:line 70
</StackTrace>
        </ErrorInfo>
      </Output>
    </UnitTestResult>
  </Results>
</TestRun>